1635399652633|3|statement|connection 0|url jdbc:p6spy:h2:mem:testdb|     drop table t_log if exists|     drop table t_log if exists
1635399652641|0|statement|connection 0|url jdbc:p6spy:h2:mem:testdb|     drop table t_person if exists|     drop table t_person if exists
1635399652665|16|statement|connection 0|url jdbc:p6spy:h2:mem:testdb|     create table t_log (        id varchar(255) not null,         snow_flake_id varchar(255),         method_name varchar(32),         request_time varchar(64),         time varchar(64),         transaction_id varchar(100),         primary key (id)     )|     create table t_log (        id varchar(255) not null,         snow_flake_id varchar(255),         method_name varchar(32),         request_time varchar(64),         time varchar(64),         transaction_id varchar(100),         primary key (id)     )
1635399652665|1|statement|connection 0|url jdbc:p6spy:h2:mem:testdb|     create table t_person (        id varchar(255) not null,         snow_flake_id varchar(255),         org_id varchar(64),         email_id varchar(64),         passwd varchar(64),         tel_contact_no varchar(32),         user_id varchar(64),         primary key (id)     )|     create table t_person (        id varchar(255) not null,         snow_flake_id varchar(255),         org_id varchar(64),         email_id varchar(64),         passwd varchar(64),         tel_contact_no varchar(32),         user_id varchar(64),         primary key (id)     )
1635399652665|0|statement|connection 0|url jdbc:p6spy:h2:mem:testdb|     alter table t_log         add constraint UK_suuhfp3jclbheuongfl0xunx6 unique (transaction_id)|     alter table t_log         add constraint UK_suuhfp3jclbheuongfl0xunx6 unique (transaction_id)
1635399652673|0|statement|connection 0|url jdbc:p6spy:h2:mem:testdb|     alter table t_person         add constraint UK_iapljo3w2waqkx7humjr7hoja unique (user_id)|     alter table t_person         add constraint UK_iapljo3w2waqkx7humjr7hoja unique (user_id)
1635399655638|1|statement|connection 0|url jdbc:p6spy:h2:mem:testdb|insert into t_person (id, org_id, email_id, passwd, tel_contact_no, user_id) values (?, ?,?,?,?,?)|insert into t_person (id, org_id, email_id, passwd, tel_contact_no, user_id) values ('0', '上扬','work@163.com','123','13728897992','u007')
1635399655646|0|commit|connection 0|url jdbc:p6spy:h2:mem:testdb||
1635399707192|0|statement|connection 11|url jdbc:p6spy:h2:mem:testdb|SELECT * FROM T_LOG T_PERSON|SELECT * FROM T_LOG T_PERSON
1635399710396|0|statement|connection 11|url jdbc:p6spy:h2:mem:testdb|SELECT * FROM T_LOG T_PERSON|SELECT * FROM T_LOG T_PERSON
1635399711110|0|statement|connection 11|url jdbc:p6spy:h2:mem:testdb|SELECT * FROM T_LOG T_PERSON|SELECT * FROM T_LOG T_PERSON
1635399711638|0|statement|connection 11|url jdbc:p6spy:h2:mem:testdb|SELECT * FROM T_LOG T_PERSON|SELECT * FROM T_LOG T_PERSON
1635399712080|0|statement|connection 11|url jdbc:p6spy:h2:mem:testdb|SELECT * FROM T_LOG T_PERSON|SELECT * FROM T_LOG T_PERSON
1635399712256|0|statement|connection 11|url jdbc:p6spy:h2:mem:testdb|SELECT * FROM T_LOG T_PERSON|SELECT * FROM T_LOG T_PERSON
1635399712504|0|statement|connection 11|url jdbc:p6spy:h2:mem:testdb|SELECT * FROM T_LOG T_PERSON|SELECT * FROM T_LOG T_PERSON
1635399712616|0|statement|connection 11|url jdbc:p6spy:h2:mem:testdb|SELECT * FROM T_LOG T_PERSON|SELECT * FROM T_LOG T_PERSON
1635399712736|0|statement|connection 11|url jdbc:p6spy:h2:mem:testdb|SELECT * FROM T_LOG T_PERSON|SELECT * FROM T_LOG T_PERSON
1635399712946|0|statement|connection 11|url jdbc:p6spy:h2:mem:testdb|SELECT * FROM T_LOG T_PERSON|SELECT * FROM T_LOG T_PERSON
1635399713146|0|statement|connection 11|url jdbc:p6spy:h2:mem:testdb|SELECT * FROM T_LOG T_PERSON|SELECT * FROM T_LOG T_PERSON
1635399713274|0|statement|connection 11|url jdbc:p6spy:h2:mem:testdb|SELECT * FROM T_LOG T_PERSON|SELECT * FROM T_LOG T_PERSON
1635399713450|0|statement|connection 11|url jdbc:p6spy:h2:mem:testdb|SELECT * FROM T_LOG T_PERSON|SELECT * FROM T_LOG T_PERSON
1635399713794|0|statement|connection 11|url jdbc:p6spy:h2:mem:testdb|SELECT * FROM T_LOG T_PERSON|SELECT * FROM T_LOG T_PERSON
1635399713972|0|statement|connection 11|url jdbc:p6spy:h2:mem:testdb|SELECT * FROM T_LOG T_PERSON|SELECT * FROM T_LOG T_PERSON
1635399714116|0|statement|connection 11|url jdbc:p6spy:h2:mem:testdb|SELECT * FROM T_LOG T_PERSON|SELECT * FROM T_LOG T_PERSON
1635399725286|6|statement|connection 0|url jdbc:p6spy:h2:mem:testdb|select persondo0_.id as id1_1_0_, persondo0_.snow_flake_id as snow_fla2_1_0_, persondo0_.org_id as org_id3_1_0_, persondo0_.email_id as email_id4_1_0_, persondo0_.passwd as passwd5_1_0_, persondo0_.tel_contact_no as tel_cont6_1_0_, persondo0_.user_id as user_id7_1_0_ from t_person persondo0_ where persondo0_.id=?|select persondo0_.id as id1_1_0_, persondo0_.snow_flake_id as snow_fla2_1_0_, persondo0_.org_id as org_id3_1_0_, persondo0_.email_id as email_id4_1_0_, persondo0_.passwd as passwd5_1_0_, persondo0_.tel_contact_no as tel_cont6_1_0_, persondo0_.user_id as user_id7_1_0_ from t_person persondo0_ where persondo0_.id='0'
1635399727131|3|statement|connection 0|url jdbc:p6spy:h2:mem:testdb|update t_person set snow_flake_id=?, org_id=?, email_id=?, passwd=?, tel_contact_no=?, user_id=? where id=?|update t_person set snow_flake_id='k.506100353192715392', org_id='上扬', email_id='work@163.com', passwd='123', tel_contact_no='13728897992', user_id='u007' where id='0'
1635399727131|0|commit|connection 0|url jdbc:p6spy:h2:mem:testdb||
1635399805795|0|rollback|connection 0|url jdbc:p6spy:h2:mem:testdb||
1635399819651|0|statement|connection 11|url jdbc:p6spy:h2:mem:testdb|SELECT * FROM T_LOG T_PERSON|SELECT * FROM T_LOG T_PERSON
1635399820733|0|statement|connection 11|url jdbc:p6spy:h2:mem:testdb|SELECT * FROM T_LOG T_PERSON|SELECT * FROM T_LOG T_PERSON
1635399821512|0|statement|connection 11|url jdbc:p6spy:h2:mem:testdb|SELECT * FROM T_LOG T_PERSON|SELECT * FROM T_LOG T_PERSON
1635399823243|0|statement|connection 11|url jdbc:p6spy:h2:mem:testdb|SELECT * FROM T_LOG T_PERSON T_LOG|SELECT * FROM T_LOG T_PERSON T_LOG
1635399829342|1|statement|connection 11|url jdbc:p6spy:h2:mem:testdb|SELECT * FROM T_PERSON|SELECT * FROM T_PERSON
1635399863249|0|statement|connection 12|url jdbc:p6spy:h2:mem:testdb|     drop table t_log if exists|     drop table t_log if exists
1635399863249|0|statement|connection 12|url jdbc:p6spy:h2:mem:testdb|     drop table t_person if exists|     drop table t_person if exists
1635399878135|2|statement|connection 0|url jdbc:p6spy:h2:mem:testdb|     drop table t_log if exists|     drop table t_log if exists
1635399878135|0|statement|connection 0|url jdbc:p6spy:h2:mem:testdb|     drop table t_person if exists|     drop table t_person if exists
1635399878150|10|statement|connection 0|url jdbc:p6spy:h2:mem:testdb|     create table t_log (        id varchar(255) not null,         snow_flake_id varchar(255),         method_name varchar(32),         request_time varchar(64),         time varchar(64),         transaction_id varchar(100),         primary key (id)     )|     create table t_log (        id varchar(255) not null,         snow_flake_id varchar(255),         method_name varchar(32),         request_time varchar(64),         time varchar(64),         transaction_id varchar(100),         primary key (id)     )
1635399878150|1|statement|connection 0|url jdbc:p6spy:h2:mem:testdb|     create table t_person (        id varchar(255) not null,         snow_flake_id varchar(255),         org_id varchar(64),         email_id varchar(64),         passwd varchar(64),         tel_contact_no varchar(32),         user_id varchar(64),         primary key (id)     )|     create table t_person (        id varchar(255) not null,         snow_flake_id varchar(255),         org_id varchar(64),         email_id varchar(64),         passwd varchar(64),         tel_contact_no varchar(32),         user_id varchar(64),         primary key (id)     )
1635399878158|0|statement|connection 0|url jdbc:p6spy:h2:mem:testdb|     alter table t_log         add constraint UK_suuhfp3jclbheuongfl0xunx6 unique (transaction_id)|     alter table t_log         add constraint UK_suuhfp3jclbheuongfl0xunx6 unique (transaction_id)
1635399878158|0|statement|connection 0|url jdbc:p6spy:h2:mem:testdb|     alter table t_person         add constraint UK_iapljo3w2waqkx7humjr7hoja unique (user_id)|     alter table t_person         add constraint UK_iapljo3w2waqkx7humjr7hoja unique (user_id)
1635399880844|2|statement|connection 0|url jdbc:p6spy:h2:mem:testdb|insert into t_person (id, org_id, email_id, passwd, tel_contact_no, user_id) values (?, ?,?,?,?,?)|insert into t_person (id, org_id, email_id, passwd, tel_contact_no, user_id) values ('0', '上扬','work@163.com','123','13728897992','u007')
1635399880844|0|commit|connection 0|url jdbc:p6spy:h2:mem:testdb||
1635399894877|20|statement|connection 0|url jdbc:p6spy:h2:mem:testdb|select persondo0_.id as id1_1_0_, persondo0_.snow_flake_id as snow_fla2_1_0_, persondo0_.org_id as org_id3_1_0_, persondo0_.email_id as email_id4_1_0_, persondo0_.passwd as passwd5_1_0_, persondo0_.tel_contact_no as tel_cont6_1_0_, persondo0_.user_id as user_id7_1_0_ from t_person persondo0_ where persondo0_.id=?|select persondo0_.id as id1_1_0_, persondo0_.snow_flake_id as snow_fla2_1_0_, persondo0_.org_id as org_id3_1_0_, persondo0_.email_id as email_id4_1_0_, persondo0_.passwd as passwd5_1_0_, persondo0_.tel_contact_no as tel_cont6_1_0_, persondo0_.user_id as user_id7_1_0_ from t_person persondo0_ where persondo0_.id='0'
1635399904709|3|statement|connection 0|url jdbc:p6spy:h2:mem:testdb|update t_person set snow_flake_id=?, org_id=?, email_id=?, passwd=?, tel_contact_no=?, user_id=? where id=?|update t_person set snow_flake_id='k.506101076731126912', org_id='上扬', email_id='work@163.com', passwd='123', tel_contact_no='13728897992', user_id='u007' where id='0'
1635399904717|0|commit|connection 0|url jdbc:p6spy:h2:mem:testdb||
1635399908228|0|statement|connection 0|url jdbc:p6spy:h2:mem:testdb|select logdo0_.id as id1_0_0_, logdo0_.snow_flake_id as snow_fla2_0_0_, logdo0_.method_name as method_n3_0_0_, logdo0_.request_time as request_4_0_0_, logdo0_.time as time5_0_0_, logdo0_.transaction_id as transact6_0_0_ from t_log logdo0_ where logdo0_.id=?|select logdo0_.id as id1_0_0_, logdo0_.snow_flake_id as snow_fla2_0_0_, logdo0_.method_name as method_n3_0_0_, logdo0_.request_time as request_4_0_0_, logdo0_.time as time5_0_0_, logdo0_.transaction_id as transact6_0_0_ from t_log logdo0_ where logdo0_.id='0'
1635399908260|0|statement|connection 0|url jdbc:p6spy:h2:mem:testdb|insert into t_log (snow_flake_id, method_name, request_time, time, transaction_id, id) values (?, ?, ?, ?, ?, ?)|insert into t_log (snow_flake_id, method_name, request_time, time, transaction_id, id) values ('log.506101112936359040', 'getPersonById', '2021-10-28 13:44:54.796', '11901', 'JCW01', '0')
1635399908260|0|commit|connection 0|url jdbc:p6spy:h2:mem:testdb||
1635399911462|0|commit|connection 0|url jdbc:p6spy:h2:mem:testdb||
1635399941719|1|statement|connection 10|url jdbc:p6spy:h2:mem:testdb|SELECT * FROM T_LOG|SELECT * FROM T_LOG
1635400033690|0|statement|connection 0|url jdbc:p6spy:h2:mem:testdb|select persondo0_.id as id1_1_0_, persondo0_.snow_flake_id as snow_fla2_1_0_, persondo0_.org_id as org_id3_1_0_, persondo0_.email_id as email_id4_1_0_, persondo0_.passwd as passwd5_1_0_, persondo0_.tel_contact_no as tel_cont6_1_0_, persondo0_.user_id as user_id7_1_0_ from t_person persondo0_ where persondo0_.id=?|select persondo0_.id as id1_1_0_, persondo0_.snow_flake_id as snow_fla2_1_0_, persondo0_.org_id as org_id3_1_0_, persondo0_.email_id as email_id4_1_0_, persondo0_.passwd as passwd5_1_0_, persondo0_.tel_contact_no as tel_cont6_1_0_, persondo0_.user_id as user_id7_1_0_ from t_person persondo0_ where persondo0_.id='0'
1635400033698|0|commit|connection 0|url jdbc:p6spy:h2:mem:testdb||
1635400033698|0|statement|connection 0|url jdbc:p6spy:h2:mem:testdb|select logdo0_.id as id1_0_0_, logdo0_.snow_flake_id as snow_fla2_0_0_, logdo0_.method_name as method_n3_0_0_, logdo0_.request_time as request_4_0_0_, logdo0_.time as time5_0_0_, logdo0_.transaction_id as transact6_0_0_ from t_log logdo0_ where logdo0_.id=?|select logdo0_.id as id1_0_0_, logdo0_.snow_flake_id as snow_fla2_0_0_, logdo0_.method_name as method_n3_0_0_, logdo0_.request_time as request_4_0_0_, logdo0_.time as time5_0_0_, logdo0_.transaction_id as transact6_0_0_ from t_log logdo0_ where logdo0_.id='0'
1635400033706|1|statement|connection 0|url jdbc:p6spy:h2:mem:testdb|update t_log set snow_flake_id=?, method_name=?, request_time=?, time=?, transaction_id=? where id=?|update t_log set snow_flake_id='log.506101639195681920', method_name='getPersonById', request_time='2021-10-28 13:47:13.69', time='8', transaction_id='JCW01' where id='0'
1635400033706|0|commit|connection 0|url jdbc:p6spy:h2:mem:testdb||
1635400033706|0|commit|connection 0|url jdbc:p6spy:h2:mem:testdb||
1635400034934|0|statement|connection 0|url jdbc:p6spy:h2:mem:testdb|select persondo0_.id as id1_1_0_, persondo0_.snow_flake_id as snow_fla2_1_0_, persondo0_.org_id as org_id3_1_0_, persondo0_.email_id as email_id4_1_0_, persondo0_.passwd as passwd5_1_0_, persondo0_.tel_contact_no as tel_cont6_1_0_, persondo0_.user_id as user_id7_1_0_ from t_person persondo0_ where persondo0_.id=?|select persondo0_.id as id1_1_0_, persondo0_.snow_flake_id as snow_fla2_1_0_, persondo0_.org_id as org_id3_1_0_, persondo0_.email_id as email_id4_1_0_, persondo0_.passwd as passwd5_1_0_, persondo0_.tel_contact_no as tel_cont6_1_0_, persondo0_.user_id as user_id7_1_0_ from t_person persondo0_ where persondo0_.id='0'
1635400034942|0|commit|connection 0|url jdbc:p6spy:h2:mem:testdb||
1635400034942|0|statement|connection 0|url jdbc:p6spy:h2:mem:testdb|select logdo0_.id as id1_0_0_, logdo0_.snow_flake_id as snow_fla2_0_0_, logdo0_.method_name as method_n3_0_0_, logdo0_.request_time as request_4_0_0_, logdo0_.time as time5_0_0_, logdo0_.transaction_id as transact6_0_0_ from t_log logdo0_ where logdo0_.id=?|select logdo0_.id as id1_0_0_, logdo0_.snow_flake_id as snow_fla2_0_0_, logdo0_.method_name as method_n3_0_0_, logdo0_.request_time as request_4_0_0_, logdo0_.time as time5_0_0_, logdo0_.transaction_id as transact6_0_0_ from t_log logdo0_ where logdo0_.id='0'
1635400034950|0|statement|connection 0|url jdbc:p6spy:h2:mem:testdb|update t_log set snow_flake_id=?, method_name=?, request_time=?, time=?, transaction_id=? where id=?|update t_log set snow_flake_id='log.506101644413396096', method_name='getPersonById', request_time='2021-10-28 13:47:14.934', time='8', transaction_id='JCW01' where id='0'
1635400034950|0|commit|connection 0|url jdbc:p6spy:h2:mem:testdb||
1635400034950|0|commit|connection 0|url jdbc:p6spy:h2:mem:testdb||
1635400035987|0|statement|connection 0|url jdbc:p6spy:h2:mem:testdb|select persondo0_.id as id1_1_0_, persondo0_.snow_flake_id as snow_fla2_1_0_, persondo0_.org_id as org_id3_1_0_, persondo0_.email_id as email_id4_1_0_, persondo0_.passwd as passwd5_1_0_, persondo0_.tel_contact_no as tel_cont6_1_0_, persondo0_.user_id as user_id7_1_0_ from t_person persondo0_ where persondo0_.id=?|select persondo0_.id as id1_1_0_, persondo0_.snow_flake_id as snow_fla2_1_0_, persondo0_.org_id as org_id3_1_0_, persondo0_.email_id as email_id4_1_0_, persondo0_.passwd as passwd5_1_0_, persondo0_.tel_contact_no as tel_cont6_1_0_, persondo0_.user_id as user_id7_1_0_ from t_person persondo0_ where persondo0_.id='0'
1635400035987|0|commit|connection 0|url jdbc:p6spy:h2:mem:testdb||
1635400035987|0|statement|connection 0|url jdbc:p6spy:h2:mem:testdb|select logdo0_.id as id1_0_0_, logdo0_.snow_flake_id as snow_fla2_0_0_, logdo0_.method_name as method_n3_0_0_, logdo0_.request_time as request_4_0_0_, logdo0_.time as time5_0_0_, logdo0_.transaction_id as transact6_0_0_ from t_log logdo0_ where logdo0_.id=?|select logdo0_.id as id1_0_0_, logdo0_.snow_flake_id as snow_fla2_0_0_, logdo0_.method_name as method_n3_0_0_, logdo0_.request_time as request_4_0_0_, logdo0_.time as time5_0_0_, logdo0_.transaction_id as transact6_0_0_ from t_log logdo0_ where logdo0_.id='0'
1635400035995|0|statement|connection 0|url jdbc:p6spy:h2:mem:testdb|update t_log set snow_flake_id=?, method_name=?, request_time=?, time=?, transaction_id=? where id=?|update t_log set snow_flake_id='log.506101648796443776', method_name='getPersonById', request_time='2021-10-28 13:47:15.987', time='0', transaction_id='JCW01' where id='0'
1635400035995|0|commit|connection 0|url jdbc:p6spy:h2:mem:testdb||
1635400035995|0|commit|connection 0|url jdbc:p6spy:h2:mem:testdb||
1635400036739|0|statement|connection 0|url jdbc:p6spy:h2:mem:testdb|select persondo0_.id as id1_1_0_, persondo0_.snow_flake_id as snow_fla2_1_0_, persondo0_.org_id as org_id3_1_0_, persondo0_.email_id as email_id4_1_0_, persondo0_.passwd as passwd5_1_0_, persondo0_.tel_contact_no as tel_cont6_1_0_, persondo0_.user_id as user_id7_1_0_ from t_person persondo0_ where persondo0_.id=?|select persondo0_.id as id1_1_0_, persondo0_.snow_flake_id as snow_fla2_1_0_, persondo0_.org_id as org_id3_1_0_, persondo0_.email_id as email_id4_1_0_, persondo0_.passwd as passwd5_1_0_, persondo0_.tel_contact_no as tel_cont6_1_0_, persondo0_.user_id as user_id7_1_0_ from t_person persondo0_ where persondo0_.id='0'
1635400036739|0|commit|connection 0|url jdbc:p6spy:h2:mem:testdb||
1635400036739|0|statement|connection 0|url jdbc:p6spy:h2:mem:testdb|select logdo0_.id as id1_0_0_, logdo0_.snow_flake_id as snow_fla2_0_0_, logdo0_.method_name as method_n3_0_0_, logdo0_.request_time as request_4_0_0_, logdo0_.time as time5_0_0_, logdo0_.transaction_id as transact6_0_0_ from t_log logdo0_ where logdo0_.id=?|select logdo0_.id as id1_0_0_, logdo0_.snow_flake_id as snow_fla2_0_0_, logdo0_.method_name as method_n3_0_0_, logdo0_.request_time as request_4_0_0_, logdo0_.time as time5_0_0_, logdo0_.transaction_id as transact6_0_0_ from t_log logdo0_ where logdo0_.id='0'
1635400036739|0|statement|connection 0|url jdbc:p6spy:h2:mem:testdb|update t_log set snow_flake_id=?, method_name=?, request_time=?, time=?, transaction_id=? where id=?|update t_log set snow_flake_id='log.506101651950560384', method_name='getPersonById', request_time='2021-10-28 13:47:16.731', time='8', transaction_id='JCW01' where id='0'
1635400036747|0|commit|connection 0|url jdbc:p6spy:h2:mem:testdb||
1635400036747|0|commit|connection 0|url jdbc:p6spy:h2:mem:testdb||
1635400037517|0|statement|connection 0|url jdbc:p6spy:h2:mem:testdb|select persondo0_.id as id1_1_0_, persondo0_.snow_flake_id as snow_fla2_1_0_, persondo0_.org_id as org_id3_1_0_, persondo0_.email_id as email_id4_1_0_, persondo0_.passwd as passwd5_1_0_, persondo0_.tel_contact_no as tel_cont6_1_0_, persondo0_.user_id as user_id7_1_0_ from t_person persondo0_ where persondo0_.id=?|select persondo0_.id as id1_1_0_, persondo0_.snow_flake_id as snow_fla2_1_0_, persondo0_.org_id as org_id3_1_0_, persondo0_.email_id as email_id4_1_0_, persondo0_.passwd as passwd5_1_0_, persondo0_.tel_contact_no as tel_cont6_1_0_, persondo0_.user_id as user_id7_1_0_ from t_person persondo0_ where persondo0_.id='0'
1635400037517|0|commit|connection 0|url jdbc:p6spy:h2:mem:testdb||
1635400037517|0|statement|connection 0|url jdbc:p6spy:h2:mem:testdb|select logdo0_.id as id1_0_0_, logdo0_.snow_flake_id as snow_fla2_0_0_, logdo0_.method_name as method_n3_0_0_, logdo0_.request_time as request_4_0_0_, logdo0_.time as time5_0_0_, logdo0_.transaction_id as transact6_0_0_ from t_log logdo0_ where logdo0_.id=?|select logdo0_.id as id1_0_0_, logdo0_.snow_flake_id as snow_fla2_0_0_, logdo0_.method_name as method_n3_0_0_, logdo0_.request_time as request_4_0_0_, logdo0_.time as time5_0_0_, logdo0_.transaction_id as transact6_0_0_ from t_log logdo0_ where logdo0_.id='0'
1635400037517|0|statement|connection 0|url jdbc:p6spy:h2:mem:testdb|update t_log set snow_flake_id=?, method_name=?, request_time=?, time=?, transaction_id=? where id=?|update t_log set snow_flake_id='log.506101655213728896', method_name='getPersonById', request_time='2021-10-28 13:47:17.517', time='0', transaction_id='JCW01' where id='0'
1635400037517|0|commit|connection 0|url jdbc:p6spy:h2:mem:testdb||
1635400037525|0|commit|connection 0|url jdbc:p6spy:h2:mem:testdb||
1635400038383|0|statement|connection 0|url jdbc:p6spy:h2:mem:testdb|select persondo0_.id as id1_1_0_, persondo0_.snow_flake_id as snow_fla2_1_0_, persondo0_.org_id as org_id3_1_0_, persondo0_.email_id as email_id4_1_0_, persondo0_.passwd as passwd5_1_0_, persondo0_.tel_contact_no as tel_cont6_1_0_, persondo0_.user_id as user_id7_1_0_ from t_person persondo0_ where persondo0_.id=?|select persondo0_.id as id1_1_0_, persondo0_.snow_flake_id as snow_fla2_1_0_, persondo0_.org_id as org_id3_1_0_, persondo0_.email_id as email_id4_1_0_, persondo0_.passwd as passwd5_1_0_, persondo0_.tel_contact_no as tel_cont6_1_0_, persondo0_.user_id as user_id7_1_0_ from t_person persondo0_ where persondo0_.id='0'
1635400038383|0|commit|connection 0|url jdbc:p6spy:h2:mem:testdb||
1635400038383|0|statement|connection 0|url jdbc:p6spy:h2:mem:testdb|select logdo0_.id as id1_0_0_, logdo0_.snow_flake_id as snow_fla2_0_0_, logdo0_.method_name as method_n3_0_0_, logdo0_.request_time as request_4_0_0_, logdo0_.time as time5_0_0_, logdo0_.transaction_id as transact6_0_0_ from t_log logdo0_ where logdo0_.id=?|select logdo0_.id as id1_0_0_, logdo0_.snow_flake_id as snow_fla2_0_0_, logdo0_.method_name as method_n3_0_0_, logdo0_.request_time as request_4_0_0_, logdo0_.time as time5_0_0_, logdo0_.transaction_id as transact6_0_0_ from t_log logdo0_ where logdo0_.id='0'
1635400038383|0|statement|connection 0|url jdbc:p6spy:h2:mem:testdb|update t_log set snow_flake_id=?, method_name=?, request_time=?, time=?, transaction_id=? where id=?|update t_log set snow_flake_id='log.506101658845996160', method_name='getPersonById', request_time='2021-10-28 13:47:18.383', time='0', transaction_id='JCW01' where id='0'
1635400038383|0|commit|connection 0|url jdbc:p6spy:h2:mem:testdb||
1635400038391|0|commit|connection 0|url jdbc:p6spy:h2:mem:testdb||
1635400039049|0|statement|connection 0|url jdbc:p6spy:h2:mem:testdb|select persondo0_.id as id1_1_0_, persondo0_.snow_flake_id as snow_fla2_1_0_, persondo0_.org_id as org_id3_1_0_, persondo0_.email_id as email_id4_1_0_, persondo0_.passwd as passwd5_1_0_, persondo0_.tel_contact_no as tel_cont6_1_0_, persondo0_.user_id as user_id7_1_0_ from t_person persondo0_ where persondo0_.id=?|select persondo0_.id as id1_1_0_, persondo0_.snow_flake_id as snow_fla2_1_0_, persondo0_.org_id as org_id3_1_0_, persondo0_.email_id as email_id4_1_0_, persondo0_.passwd as passwd5_1_0_, persondo0_.tel_contact_no as tel_cont6_1_0_, persondo0_.user_id as user_id7_1_0_ from t_person persondo0_ where persondo0_.id='0'
1635400039049|0|commit|connection 0|url jdbc:p6spy:h2:mem:testdb||
1635400039057|0|statement|connection 0|url jdbc:p6spy:h2:mem:testdb|select logdo0_.id as id1_0_0_, logdo0_.snow_flake_id as snow_fla2_0_0_, logdo0_.method_name as method_n3_0_0_, logdo0_.request_time as request_4_0_0_, logdo0_.time as time5_0_0_, logdo0_.transaction_id as transact6_0_0_ from t_log logdo0_ where logdo0_.id=?|select logdo0_.id as id1_0_0_, logdo0_.snow_flake_id as snow_fla2_0_0_, logdo0_.method_name as method_n3_0_0_, logdo0_.request_time as request_4_0_0_, logdo0_.time as time5_0_0_, logdo0_.transaction_id as transact6_0_0_ from t_log logdo0_ where logdo0_.id='0'
1635400039057|0|statement|connection 0|url jdbc:p6spy:h2:mem:testdb|update t_log set snow_flake_id=?, method_name=?, request_time=?, time=?, transaction_id=? where id=?|update t_log set snow_flake_id='log.506101661672957056', method_name='getPersonById', request_time='2021-10-28 13:47:19.049', time='0', transaction_id='JCW01' where id='0'
1635400039057|0|commit|connection 0|url jdbc:p6spy:h2:mem:testdb||
1635400039057|0|commit|connection 0|url jdbc:p6spy:h2:mem:testdb||
1635400047473|0|statement|connection 10|url jdbc:p6spy:h2:mem:testdb|SELECT * FROM T_LOG|SELECT * FROM T_LOG
1635400048514|0|statement|connection 10|url jdbc:p6spy:h2:mem:testdb|SELECT * FROM T_LOG|SELECT * FROM T_LOG
1635400049300|0|statement|connection 10|url jdbc:p6spy:h2:mem:testdb|SELECT * FROM T_LOG|SELECT * FROM T_LOG
1635400049877|0|statement|connection 10|url jdbc:p6spy:h2:mem:testdb|SELECT * FROM T_LOG|SELECT * FROM T_LOG
1635400050453|0|statement|connection 10|url jdbc:p6spy:h2:mem:testdb|SELECT * FROM T_LOG|SELECT * FROM T_LOG
1635400050942|0|statement|connection 10|url jdbc:p6spy:h2:mem:testdb|SELECT * FROM T_LOG|SELECT * FROM T_LOG
1635400051542|0|statement|connection 10|url jdbc:p6spy:h2:mem:testdb|SELECT * FROM T_LOG|SELECT * FROM T_LOG
1635400052168|0|statement|connection 10|url jdbc:p6spy:h2:mem:testdb|SELECT * FROM T_LOG|SELECT * FROM T_LOG
1635400055063|0|statement|connection 10|url jdbc:p6spy:h2:mem:testdb|SELECT * FROM T_LOG|SELECT * FROM T_LOG
1635400055687|0|statement|connection 10|url jdbc:p6spy:h2:mem:testdb|SELECT * FROM T_LOG|SELECT * FROM T_LOG
1635400058484|0|statement|connection 10|url jdbc:p6spy:h2:mem:testdb|SELECT * FROM T_LOG|SELECT * FROM T_LOG
1635400071430|0|statement|connection 0|url jdbc:p6spy:h2:mem:testdb|select persondo0_.id as id1_1_0_, persondo0_.snow_flake_id as snow_fla2_1_0_, persondo0_.org_id as org_id3_1_0_, persondo0_.email_id as email_id4_1_0_, persondo0_.passwd as passwd5_1_0_, persondo0_.tel_contact_no as tel_cont6_1_0_, persondo0_.user_id as user_id7_1_0_ from t_person persondo0_ where persondo0_.id=?|select persondo0_.id as id1_1_0_, persondo0_.snow_flake_id as snow_fla2_1_0_, persondo0_.org_id as org_id3_1_0_, persondo0_.email_id as email_id4_1_0_, persondo0_.passwd as passwd5_1_0_, persondo0_.tel_contact_no as tel_cont6_1_0_, persondo0_.user_id as user_id7_1_0_ from t_person persondo0_ where persondo0_.id='0'
1635400071430|0|commit|connection 0|url jdbc:p6spy:h2:mem:testdb||
1635400071430|0|statement|connection 0|url jdbc:p6spy:h2:mem:testdb|select logdo0_.id as id1_0_0_, logdo0_.snow_flake_id as snow_fla2_0_0_, logdo0_.method_name as method_n3_0_0_, logdo0_.request_time as request_4_0_0_, logdo0_.time as time5_0_0_, logdo0_.transaction_id as transact6_0_0_ from t_log logdo0_ where logdo0_.id=?|select logdo0_.id as id1_0_0_, logdo0_.snow_flake_id as snow_fla2_0_0_, logdo0_.method_name as method_n3_0_0_, logdo0_.request_time as request_4_0_0_, logdo0_.time as time5_0_0_, logdo0_.transaction_id as transact6_0_0_ from t_log logdo0_ where logdo0_.id='0'
1635400071430|0|statement|connection 0|url jdbc:p6spy:h2:mem:testdb|update t_log set snow_flake_id=?, method_name=?, request_time=?, time=?, transaction_id=? where id=?|update t_log set snow_flake_id='log.506101797455160448', method_name='getPersonById', request_time='2021-10-28 13:47:51.43', time='0', transaction_id='JCW01' where id='0'
1635400071430|0|commit|connection 0|url jdbc:p6spy:h2:mem:testdb||
1635400071438|0|commit|connection 0|url jdbc:p6spy:h2:mem:testdb||
1635400081070|0|statement|connection 10|url jdbc:p6spy:h2:mem:testdb|SELECT * FROM T_LOG|SELECT * FROM T_LOG
1635400178989|0|statement|connection 11|url jdbc:p6spy:h2:mem:testdb|     drop table t_log if exists|     drop table t_log if exists
1635400178989|0|statement|connection 11|url jdbc:p6spy:h2:mem:testdb|     drop table t_person if exists|     drop table t_person if exists
1635400195108|2|statement|connection 0|url jdbc:p6spy:h2:mem:testdb|     drop table t_log if exists|     drop table t_log if exists
1635400195109|0|statement|connection 0|url jdbc:p6spy:h2:mem:testdb|     drop table t_person if exists|     drop table t_person if exists
1635400195131|15|statement|connection 0|url jdbc:p6spy:h2:mem:testdb|     create table t_log (        id varchar(255) not null,         snow_flake_id varchar(255),         method_name varchar(32),         request_time varchar(64),         time varchar(64),         transaction_id varchar(100),         primary key (id)     )|     create table t_log (        id varchar(255) not null,         snow_flake_id varchar(255),         method_name varchar(32),         request_time varchar(64),         time varchar(64),         transaction_id varchar(100),         primary key (id)     )
1635400195133|1|statement|connection 0|url jdbc:p6spy:h2:mem:testdb|     create table t_person (        id varchar(255) not null,         snow_flake_id varchar(255),         org_id varchar(64),         email_id varchar(64),         passwd varchar(64),         tel_contact_no varchar(32),         user_id varchar(64),         primary key (id)     )|     create table t_person (        id varchar(255) not null,         snow_flake_id varchar(255),         org_id varchar(64),         email_id varchar(64),         passwd varchar(64),         tel_contact_no varchar(32),         user_id varchar(64),         primary key (id)     )
1635400195135|1|statement|connection 0|url jdbc:p6spy:h2:mem:testdb|     alter table t_log         add constraint UK_suuhfp3jclbheuongfl0xunx6 unique (transaction_id)|     alter table t_log         add constraint UK_suuhfp3jclbheuongfl0xunx6 unique (transaction_id)
1635400195136|0|statement|connection 0|url jdbc:p6spy:h2:mem:testdb|     alter table t_person         add constraint UK_iapljo3w2waqkx7humjr7hoja unique (user_id)|     alter table t_person         add constraint UK_iapljo3w2waqkx7humjr7hoja unique (user_id)
1635400197520|2|statement|connection 0|url jdbc:p6spy:h2:mem:testdb|insert into t_person (id, org_id, email_id, passwd, tel_contact_no, user_id) values (?, ?,?,?,?,?)|insert into t_person (id, org_id, email_id, passwd, tel_contact_no, user_id) values ('0', '上扬','work@163.com','123','13728897992','u007')
1635400197520|0|commit|connection 0|url jdbc:p6spy:h2:mem:testdb||
1635400202108|5|statement|connection 0|url jdbc:p6spy:h2:mem:testdb|select persondo0_.id as id1_1_0_, persondo0_.snow_flake_id as snow_fla2_1_0_, persondo0_.org_id as org_id3_1_0_, persondo0_.email_id as email_id4_1_0_, persondo0_.passwd as passwd5_1_0_, persondo0_.tel_contact_no as tel_cont6_1_0_, persondo0_.user_id as user_id7_1_0_ from t_person persondo0_ where persondo0_.id=?|select persondo0_.id as id1_1_0_, persondo0_.snow_flake_id as snow_fla2_1_0_, persondo0_.org_id as org_id3_1_0_, persondo0_.email_id as email_id4_1_0_, persondo0_.passwd as passwd5_1_0_, persondo0_.tel_contact_no as tel_cont6_1_0_, persondo0_.user_id as user_id7_1_0_ from t_person persondo0_ where persondo0_.id='0'
1635400202204|2|statement|connection 0|url jdbc:p6spy:h2:mem:testdb|update t_person set snow_flake_id=?, org_id=?, email_id=?, passwd=?, tel_contact_no=?, user_id=? where id=?|update t_person set snow_flake_id='k.506102345826854016', org_id='上扬', email_id='work@163.com', passwd='123', tel_contact_no='13728897992', user_id='u007' where id='0'
1635400202212|0|commit|connection 0|url jdbc:p6spy:h2:mem:testdb||
1635400202212|0|statement|connection 0|url jdbc:p6spy:h2:mem:testdb|select logdo0_.id as id1_0_0_, logdo0_.snow_flake_id as snow_fla2_0_0_, logdo0_.method_name as method_n3_0_0_, logdo0_.request_time as request_4_0_0_, logdo0_.time as time5_0_0_, logdo0_.transaction_id as transact6_0_0_ from t_log logdo0_ where logdo0_.id=?|select logdo0_.id as id1_0_0_, logdo0_.snow_flake_id as snow_fla2_0_0_, logdo0_.method_name as method_n3_0_0_, logdo0_.request_time as request_4_0_0_, logdo0_.time as time5_0_0_, logdo0_.transaction_id as transact6_0_0_ from t_log logdo0_ where logdo0_.id='0'
1635400202228|0|statement|connection 0|url jdbc:p6spy:h2:mem:testdb|insert into t_log (snow_flake_id, method_name, request_time, time, transaction_id, id) values (?, ?, ?, ?, ?, ?)|insert into t_log (snow_flake_id, method_name, request_time, time, transaction_id, id) values ('log.506102345994626176', 'getPersonById', '2021-10-28 13:50:02.092', '128', 'JCW01', '0')
1635400202228|0|commit|connection 0|url jdbc:p6spy:h2:mem:testdb||
1635400202228|0|commit|connection 0|url jdbc:p6spy:h2:mem:testdb||
1635400203963|0|statement|connection 0|url jdbc:p6spy:h2:mem:testdb|select persondo0_.id as id1_1_0_, persondo0_.snow_flake_id as snow_fla2_1_0_, persondo0_.org_id as org_id3_1_0_, persondo0_.email_id as email_id4_1_0_, persondo0_.passwd as passwd5_1_0_, persondo0_.tel_contact_no as tel_cont6_1_0_, persondo0_.user_id as user_id7_1_0_ from t_person persondo0_ where persondo0_.id=?|select persondo0_.id as id1_1_0_, persondo0_.snow_flake_id as snow_fla2_1_0_, persondo0_.org_id as org_id3_1_0_, persondo0_.email_id as email_id4_1_0_, persondo0_.passwd as passwd5_1_0_, persondo0_.tel_contact_no as tel_cont6_1_0_, persondo0_.user_id as user_id7_1_0_ from t_person persondo0_ where persondo0_.id='0'
1635400203963|0|commit|connection 0|url jdbc:p6spy:h2:mem:testdb||
1635400203963|0|statement|connection 0|url jdbc:p6spy:h2:mem:testdb|select logdo0_.id as id1_0_0_, logdo0_.snow_flake_id as snow_fla2_0_0_, logdo0_.method_name as method_n3_0_0_, logdo0_.request_time as request_4_0_0_, logdo0_.time as time5_0_0_, logdo0_.transaction_id as transact6_0_0_ from t_log logdo0_ where logdo0_.id=?|select logdo0_.id as id1_0_0_, logdo0_.snow_flake_id as snow_fla2_0_0_, logdo0_.method_name as method_n3_0_0_, logdo0_.request_time as request_4_0_0_, logdo0_.time as time5_0_0_, logdo0_.transaction_id as transact6_0_0_ from t_log logdo0_ where logdo0_.id='1'
1635400203971|2|statement|connection 0|url jdbc:p6spy:h2:mem:testdb|insert into t_log (snow_flake_id, method_name, request_time, time, transaction_id, id) values (?, ?, ?, ?, ?, ?)|insert into t_log (snow_flake_id, method_name, request_time, time, transaction_id, id) values ('log.506102353338852480', 'getPersonById', '2021-10-28 13:50:03.963', '0', 'JCW01', '1')
1635400203971|0|rollback|connection 0|url jdbc:p6spy:h2:mem:testdb||
1635400229302|0|statement|connection 0|url jdbc:p6spy:h2:mem:testdb|select persondo0_.id as id1_1_0_, persondo0_.snow_flake_id as snow_fla2_1_0_, persondo0_.org_id as org_id3_1_0_, persondo0_.email_id as email_id4_1_0_, persondo0_.passwd as passwd5_1_0_, persondo0_.tel_contact_no as tel_cont6_1_0_, persondo0_.user_id as user_id7_1_0_ from t_person persondo0_ where persondo0_.id=?|select persondo0_.id as id1_1_0_, persondo0_.snow_flake_id as snow_fla2_1_0_, persondo0_.org_id as org_id3_1_0_, persondo0_.email_id as email_id4_1_0_, persondo0_.passwd as passwd5_1_0_, persondo0_.tel_contact_no as tel_cont6_1_0_, persondo0_.user_id as user_id7_1_0_ from t_person persondo0_ where persondo0_.id='0'
1635400229302|0|commit|connection 0|url jdbc:p6spy:h2:mem:testdb||
1635400229302|0|statement|connection 0|url jdbc:p6spy:h2:mem:testdb|select logdo0_.id as id1_0_0_, logdo0_.snow_flake_id as snow_fla2_0_0_, logdo0_.method_name as method_n3_0_0_, logdo0_.request_time as request_4_0_0_, logdo0_.time as time5_0_0_, logdo0_.transaction_id as transact6_0_0_ from t_log logdo0_ where logdo0_.id=?|select logdo0_.id as id1_0_0_, logdo0_.snow_flake_id as snow_fla2_0_0_, logdo0_.method_name as method_n3_0_0_, logdo0_.request_time as request_4_0_0_, logdo0_.time as time5_0_0_, logdo0_.transaction_id as transact6_0_0_ from t_log logdo0_ where logdo0_.id='2'
1635400229310|0|statement|connection 0|url jdbc:p6spy:h2:mem:testdb|insert into t_log (snow_flake_id, method_name, request_time, time, transaction_id, id) values (?, ?, ?, ?, ?, ?)|insert into t_log (snow_flake_id, method_name, request_time, time, transaction_id, id) values ('log.506102459618321536', 'getPersonById', '2021-10-28 13:50:29.302', '0', 'JCW01', '2')
1635400229310|0|rollback|connection 0|url jdbc:p6spy:h2:mem:testdb||
1635400234866|2|statement|connection 10|url jdbc:p6spy:h2:mem:testdb|SELECT * FROM T_LOG|SELECT * FROM T_LOG
1635400253876|0|statement|connection 0|url jdbc:p6spy:h2:mem:testdb|select persondo0_.id as id1_1_0_, persondo0_.snow_flake_id as snow_fla2_1_0_, persondo0_.org_id as org_id3_1_0_, persondo0_.email_id as email_id4_1_0_, persondo0_.passwd as passwd5_1_0_, persondo0_.tel_contact_no as tel_cont6_1_0_, persondo0_.user_id as user_id7_1_0_ from t_person persondo0_ where persondo0_.id=?|select persondo0_.id as id1_1_0_, persondo0_.snow_flake_id as snow_fla2_1_0_, persondo0_.org_id as org_id3_1_0_, persondo0_.email_id as email_id4_1_0_, persondo0_.passwd as passwd5_1_0_, persondo0_.tel_contact_no as tel_cont6_1_0_, persondo0_.user_id as user_id7_1_0_ from t_person persondo0_ where persondo0_.id='0'
1635400253876|0|commit|connection 0|url jdbc:p6spy:h2:mem:testdb||
1635400253876|0|statement|connection 0|url jdbc:p6spy:h2:mem:testdb|select logdo0_.id as id1_0_0_, logdo0_.snow_flake_id as snow_fla2_0_0_, logdo0_.method_name as method_n3_0_0_, logdo0_.request_time as request_4_0_0_, logdo0_.time as time5_0_0_, logdo0_.transaction_id as transact6_0_0_ from t_log logdo0_ where logdo0_.id=?|select logdo0_.id as id1_0_0_, logdo0_.snow_flake_id as snow_fla2_0_0_, logdo0_.method_name as method_n3_0_0_, logdo0_.request_time as request_4_0_0_, logdo0_.time as time5_0_0_, logdo0_.transaction_id as transact6_0_0_ from t_log logdo0_ where logdo0_.id='3'
1635400253884|0|statement|connection 0|url jdbc:p6spy:h2:mem:testdb|insert into t_log (snow_flake_id, method_name, request_time, time, transaction_id, id) values (?, ?, ?, ?, ?, ?)|insert into t_log (snow_flake_id, method_name, request_time, time, transaction_id, id) values ('log.506102562689148032', 'getPersonById', '2021-10-28 13:50:53.876', '0', 'JCW01', '3')
1635400253884|0|rollback|connection 0|url jdbc:p6spy:h2:mem:testdb||
1635400380573|3|statement|connection 0|url jdbc:p6spy:h2:mem:testdb|     drop table t_log if exists|     drop table t_log if exists
1635400380573|0|statement|connection 0|url jdbc:p6spy:h2:mem:testdb|     drop table t_person if exists|     drop table t_person if exists
1635400380589|13|statement|connection 0|url jdbc:p6spy:h2:mem:testdb|     create table t_log (        id varchar(255) not null,         snow_flake_id varchar(255),         method_name varchar(32),         request_time varchar(64),         time varchar(64),         transaction_id varchar(100),         primary key (id)     )|     create table t_log (        id varchar(255) not null,         snow_flake_id varchar(255),         method_name varchar(32),         request_time varchar(64),         time varchar(64),         transaction_id varchar(100),         primary key (id)     )
1635400380589|1|statement|connection 0|url jdbc:p6spy:h2:mem:testdb|     create table t_person (        id varchar(255) not null,         snow_flake_id varchar(255),         org_id varchar(64),         email_id varchar(64),         passwd varchar(64),         tel_contact_no varchar(32),         user_id varchar(64),         primary key (id)     )|     create table t_person (        id varchar(255) not null,         snow_flake_id varchar(255),         org_id varchar(64),         email_id varchar(64),         passwd varchar(64),         tel_contact_no varchar(32),         user_id varchar(64),         primary key (id)     )
1635400380589|1|statement|connection 0|url jdbc:p6spy:h2:mem:testdb|     alter table t_log         add constraint UK_suuhfp3jclbheuongfl0xunx6 unique (transaction_id)|     alter table t_log         add constraint UK_suuhfp3jclbheuongfl0xunx6 unique (transaction_id)
1635400380605|1|statement|connection 0|url jdbc:p6spy:h2:mem:testdb|     alter table t_person         add constraint UK_iapljo3w2waqkx7humjr7hoja unique (user_id)|     alter table t_person         add constraint UK_iapljo3w2waqkx7humjr7hoja unique (user_id)
1635400383149|2|statement|connection 0|url jdbc:p6spy:h2:mem:testdb|insert into t_person (id, org_id, email_id, passwd, tel_contact_no, user_id) values (?, ?,?,?,?,?)|insert into t_person (id, org_id, email_id, passwd, tel_contact_no, user_id) values ('0', '上扬','work@163.com','123','13728897992','u007')
1635400383149|0|commit|connection 0|url jdbc:p6spy:h2:mem:testdb||
1635400385952|0|statement|connection 10|url jdbc:p6spy:h2:mem:testdb|     drop table t_log if exists|     drop table t_log if exists
1635400385952|0|statement|connection 10|url jdbc:p6spy:h2:mem:testdb|     drop table t_person if exists|     drop table t_person if exists
1635400468295|3|statement|connection 0|url jdbc:p6spy:h2:mem:testdb|     drop table t_log if exists|     drop table t_log if exists
1635400468295|0|statement|connection 0|url jdbc:p6spy:h2:mem:testdb|     drop table t_person if exists|     drop table t_person if exists
1635400468327|13|statement|connection 0|url jdbc:p6spy:h2:mem:testdb|     create table t_log (        id varchar(255) not null,         snow_flake_id varchar(255),         method_name varchar(32),         request_time varchar(64),         time varchar(64),         transaction_id varchar(100),         primary key (id)     )|     create table t_log (        id varchar(255) not null,         snow_flake_id varchar(255),         method_name varchar(32),         request_time varchar(64),         time varchar(64),         transaction_id varchar(100),         primary key (id)     )
1635400468327|1|statement|connection 0|url jdbc:p6spy:h2:mem:testdb|     create table t_person (        id varchar(255) not null,         snow_flake_id varchar(255),         org_id varchar(64),         email_id varchar(64),         passwd varchar(64),         tel_contact_no varchar(32),         user_id varchar(64),         primary key (id)     )|     create table t_person (        id varchar(255) not null,         snow_flake_id varchar(255),         org_id varchar(64),         email_id varchar(64),         passwd varchar(64),         tel_contact_no varchar(32),         user_id varchar(64),         primary key (id)     )
1635400468327|0|statement|connection 0|url jdbc:p6spy:h2:mem:testdb|     alter table t_log         add constraint UK_suuhfp3jclbheuongfl0xunx6 unique (transaction_id)|     alter table t_log         add constraint UK_suuhfp3jclbheuongfl0xunx6 unique (transaction_id)
1635400468327|0|statement|connection 0|url jdbc:p6spy:h2:mem:testdb|     alter table t_person         add constraint UK_iapljo3w2waqkx7humjr7hoja unique (user_id)|     alter table t_person         add constraint UK_iapljo3w2waqkx7humjr7hoja unique (user_id)
1635400471067|2|statement|connection 0|url jdbc:p6spy:h2:mem:testdb|insert into t_person (id, org_id, email_id, passwd, tel_contact_no, user_id) values (?, ?,?,?,?,?)|insert into t_person (id, org_id, email_id, passwd, tel_contact_no, user_id) values ('0', '上扬','work@163.com','123','13728897992','u007')
1635400471085|0|commit|connection 0|url jdbc:p6spy:h2:mem:testdb||
1635400483119|6|statement|connection 0|url jdbc:p6spy:h2:mem:testdb|select persondo0_.id as id1_1_0_, persondo0_.snow_flake_id as snow_fla2_1_0_, persondo0_.org_id as org_id3_1_0_, persondo0_.email_id as email_id4_1_0_, persondo0_.passwd as passwd5_1_0_, persondo0_.tel_contact_no as tel_cont6_1_0_, persondo0_.user_id as user_id7_1_0_ from t_person persondo0_ where persondo0_.id=?|select persondo0_.id as id1_1_0_, persondo0_.snow_flake_id as snow_fla2_1_0_, persondo0_.org_id as org_id3_1_0_, persondo0_.email_id as email_id4_1_0_, persondo0_.passwd as passwd5_1_0_, persondo0_.tel_contact_no as tel_cont6_1_0_, persondo0_.user_id as user_id7_1_0_ from t_person persondo0_ where persondo0_.id='0'
1635400492279|8|statement|connection 0|url jdbc:p6spy:h2:mem:testdb|update t_person set snow_flake_id=?, org_id=?, email_id=?, passwd=?, tel_contact_no=?, user_id=? where id=?|update t_person set snow_flake_id='k.506103551143994496', org_id='上扬', email_id='work@163.com', passwd='123', tel_contact_no='13728897992', user_id='u007' where id='0'
1635400492287|1|commit|connection 0|url jdbc:p6spy:h2:mem:testdb||
1635400498643|0|statement|connection 0|url jdbc:p6spy:h2:mem:testdb|insert into t_log (snow_flake_id, method_name, request_time, time, transaction_id, id) values (?, ?, ?, ?, ?, ?)|insert into t_log (snow_flake_id, method_name, request_time, time, transaction_id, id) values (NULL, 'getPersonById', '2021-10-28 13:54:43.095', '9200', 'JCW01', 'log.506103582857127040')
1635400498643|0|commit|connection 0|url jdbc:p6spy:h2:mem:testdb||
1635400501326|0|commit|connection 0|url jdbc:p6spy:h2:mem:testdb||
1635400510070|0|statement|connection 0|url jdbc:p6spy:h2:mem:testdb|select persondo0_.id as id1_1_0_, persondo0_.snow_flake_id as snow_fla2_1_0_, persondo0_.org_id as org_id3_1_0_, persondo0_.email_id as email_id4_1_0_, persondo0_.passwd as passwd5_1_0_, persondo0_.tel_contact_no as tel_cont6_1_0_, persondo0_.user_id as user_id7_1_0_ from t_person persondo0_ where persondo0_.id=?|select persondo0_.id as id1_1_0_, persondo0_.snow_flake_id as snow_fla2_1_0_, persondo0_.org_id as org_id3_1_0_, persondo0_.email_id as email_id4_1_0_, persondo0_.passwd as passwd5_1_0_, persondo0_.tel_contact_no as tel_cont6_1_0_, persondo0_.user_id as user_id7_1_0_ from t_person persondo0_ where persondo0_.id='0'
1635400529831|0|commit|connection 0|url jdbc:p6spy:h2:mem:testdb||
1635400532303|8|statement|connection 0|url jdbc:p6spy:h2:mem:testdb|insert into t_log (snow_flake_id, method_name, request_time, time, transaction_id, id) values (?, ?, ?, ?, ?, ?)|insert into t_log (snow_flake_id, method_name, request_time, time, transaction_id, id) values (NULL, 'getPersonById', '2021-10-28 13:55:10.07', '19761', 'JCW01', 'log.506103726805640320')
1635400532311|0|rollback|connection 0|url jdbc:p6spy:h2:mem:testdb||
1635400652590|0|statement|connection 11|url jdbc:p6spy:h2:mem:testdb|     drop table t_log if exists|     drop table t_log if exists
1635400652590|0|statement|connection 11|url jdbc:p6spy:h2:mem:testdb|     drop table t_person if exists|     drop table t_person if exists
1635400666733|2|statement|connection 0|url jdbc:p6spy:h2:mem:testdb|     drop table t_log if exists|     drop table t_log if exists
1635400666733|0|statement|connection 0|url jdbc:p6spy:h2:mem:testdb|     drop table t_person if exists|     drop table t_person if exists
1635400666749|15|statement|connection 0|url jdbc:p6spy:h2:mem:testdb|     create table t_log (        id varchar(255) not null,         snow_flake_id varchar(255),         method_name varchar(32),         request_time varchar(64),         time varchar(64),         transaction_id varchar(100),         primary key (id)     )|     create table t_log (        id varchar(255) not null,         snow_flake_id varchar(255),         method_name varchar(32),         request_time varchar(64),         time varchar(64),         transaction_id varchar(100),         primary key (id)     )
1635400666749|1|statement|connection 0|url jdbc:p6spy:h2:mem:testdb|     create table t_person (        id varchar(255) not null,         snow_flake_id varchar(255),         org_id varchar(64),         email_id varchar(64),         passwd varchar(64),         tel_contact_no varchar(32),         user_id varchar(64),         primary key (id)     )|     create table t_person (        id varchar(255) not null,         snow_flake_id varchar(255),         org_id varchar(64),         email_id varchar(64),         passwd varchar(64),         tel_contact_no varchar(32),         user_id varchar(64),         primary key (id)     )
1635400666765|1|statement|connection 0|url jdbc:p6spy:h2:mem:testdb|     alter table t_log         add constraint UK_suuhfp3jclbheuongfl0xunx6 unique (transaction_id)|     alter table t_log         add constraint UK_suuhfp3jclbheuongfl0xunx6 unique (transaction_id)
1635400666765|0|statement|connection 0|url jdbc:p6spy:h2:mem:testdb|     alter table t_person         add constraint UK_iapljo3w2waqkx7humjr7hoja unique (user_id)|     alter table t_person         add constraint UK_iapljo3w2waqkx7humjr7hoja unique (user_id)
1635400695610|2|statement|connection 0|url jdbc:p6spy:h2:mem:testdb|     drop table t_log if exists|     drop table t_log if exists
1635400695610|0|statement|connection 0|url jdbc:p6spy:h2:mem:testdb|     drop table t_person if exists|     drop table t_person if exists
1635400695642|16|statement|connection 0|url jdbc:p6spy:h2:mem:testdb|     create table t_log (        id varchar(255) not null,         snow_flake_id varchar(255),         method_name varchar(32),         request_time varchar(64),         time varchar(64),         transaction_id varchar(100),         primary key (id)     )|     create table t_log (        id varchar(255) not null,         snow_flake_id varchar(255),         method_name varchar(32),         request_time varchar(64),         time varchar(64),         transaction_id varchar(100),         primary key (id)     )
1635400695642|1|statement|connection 0|url jdbc:p6spy:h2:mem:testdb|     create table t_person (        id varchar(255) not null,         snow_flake_id varchar(255),         org_id varchar(64),         email_id varchar(64),         passwd varchar(64),         tel_contact_no varchar(32),         user_id varchar(64),         primary key (id)     )|     create table t_person (        id varchar(255) not null,         snow_flake_id varchar(255),         org_id varchar(64),         email_id varchar(64),         passwd varchar(64),         tel_contact_no varchar(32),         user_id varchar(64),         primary key (id)     )
1635400695642|0|statement|connection 0|url jdbc:p6spy:h2:mem:testdb|     alter table t_log         add constraint UK_suuhfp3jclbheuongfl0xunx6 unique (transaction_id)|     alter table t_log         add constraint UK_suuhfp3jclbheuongfl0xunx6 unique (transaction_id)
1635400695642|0|statement|connection 0|url jdbc:p6spy:h2:mem:testdb|     alter table t_person         add constraint UK_iapljo3w2waqkx7humjr7hoja unique (user_id)|     alter table t_person         add constraint UK_iapljo3w2waqkx7humjr7hoja unique (user_id)
1635400698122|1|statement|connection 0|url jdbc:p6spy:h2:mem:testdb|insert into t_person (id, org_id, email_id, passwd, tel_contact_no, user_id) values (?, ?,?,?,?,?)|insert into t_person (id, org_id, email_id, passwd, tel_contact_no, user_id) values ('0', '上扬','work@163.com','123','13728897992','u007')
1635400698122|0|commit|connection 0|url jdbc:p6spy:h2:mem:testdb||
1635400706366|5|statement|connection 0|url jdbc:p6spy:h2:mem:testdb|select persondo0_.id as id1_1_0_, persondo0_.snow_flake_id as snow_fla2_1_0_, persondo0_.org_id as org_id3_1_0_, persondo0_.email_id as email_id4_1_0_, persondo0_.passwd as passwd5_1_0_, persondo0_.tel_contact_no as tel_cont6_1_0_, persondo0_.user_id as user_id7_1_0_ from t_person persondo0_ where persondo0_.id=?|select persondo0_.id as id1_1_0_, persondo0_.snow_flake_id as snow_fla2_1_0_, persondo0_.org_id as org_id3_1_0_, persondo0_.email_id as email_id4_1_0_, persondo0_.passwd as passwd5_1_0_, persondo0_.tel_contact_no as tel_cont6_1_0_, persondo0_.user_id as user_id7_1_0_ from t_person persondo0_ where persondo0_.id='0'
1635400709821|0|commit|connection 0|url jdbc:p6spy:h2:mem:testdb||
1635400709845|0|statement|connection 0|url jdbc:p6spy:h2:mem:testdb|select logdo0_.id as id1_0_0_, logdo0_.snow_flake_id as snow_fla2_0_0_, logdo0_.method_name as method_n3_0_0_, logdo0_.request_time as request_4_0_0_, logdo0_.time as time5_0_0_, logdo0_.transaction_id as transact6_0_0_ from t_log logdo0_ where logdo0_.id=?|select logdo0_.id as id1_0_0_, logdo0_.snow_flake_id as snow_fla2_0_0_, logdo0_.method_name as method_n3_0_0_, logdo0_.request_time as request_4_0_0_, logdo0_.time as time5_0_0_, logdo0_.transaction_id as transact6_0_0_ from t_log logdo0_ where logdo0_.id='log.506104475161748608'
1635400709911|0|statement|connection 0|url jdbc:p6spy:h2:mem:testdb|insert into t_log (snow_flake_id, method_name, request_time, time, transaction_id, id) values (?, ?, ?, ?, ?, ?)|insert into t_log (snow_flake_id, method_name, request_time, time, transaction_id, id) values ('log.506104475161748608', 'getPersonById', '2021-10-28 13:58:26.35', '3479', 'JCW01', 'log.506104475161748608')
1635400709911|0|commit|connection 0|url jdbc:p6spy:h2:mem:testdb||
1635400709919|0|commit|connection 0|url jdbc:p6spy:h2:mem:testdb||
1635400726359|2|statement|connection 10|url jdbc:p6spy:h2:mem:testdb|SELECT * FROM T_LOG|SELECT * FROM T_LOG
1635400736906|0|statement|connection 10|url jdbc:p6spy:h2:mem:testdb|SELECT * FROM T_PERSON|SELECT * FROM T_PERSON
1635400743077|0|statement|connection 10|url jdbc:p6spy:h2:mem:testdb|SELECT * FROM T_PERSON|SELECT * FROM T_PERSON
1635400751614|0|statement|connection 0|url jdbc:p6spy:h2:mem:testdb|select persondo0_.id as id1_1_0_, persondo0_.snow_flake_id as snow_fla2_1_0_, persondo0_.org_id as org_id3_1_0_, persondo0_.email_id as email_id4_1_0_, persondo0_.passwd as passwd5_1_0_, persondo0_.tel_contact_no as tel_cont6_1_0_, persondo0_.user_id as user_id7_1_0_ from t_person persondo0_ where persondo0_.id=?|select persondo0_.id as id1_1_0_, persondo0_.snow_flake_id as snow_fla2_1_0_, persondo0_.org_id as org_id3_1_0_, persondo0_.email_id as email_id4_1_0_, persondo0_.passwd as passwd5_1_0_, persondo0_.tel_contact_no as tel_cont6_1_0_, persondo0_.user_id as user_id7_1_0_ from t_person persondo0_ where persondo0_.id='0'
1635400761478|0|commit|connection 0|url jdbc:p6spy:h2:mem:testdb||
1635400775121|1|statement|connection 0|url jdbc:p6spy:h2:mem:testdb|select logdo0_.id as id1_0_0_, logdo0_.snow_flake_id as snow_fla2_0_0_, logdo0_.method_name as method_n3_0_0_, logdo0_.request_time as request_4_0_0_, logdo0_.time as time5_0_0_, logdo0_.transaction_id as transact6_0_0_ from t_log logdo0_ where logdo0_.id=?|select logdo0_.id as id1_0_0_, logdo0_.snow_flake_id as snow_fla2_0_0_, logdo0_.method_name as method_n3_0_0_, logdo0_.request_time as request_4_0_0_, logdo0_.time as time5_0_0_, logdo0_.transaction_id as transact6_0_0_ from t_log logdo0_ where logdo0_.id='log.506104699435377792'
1635400779250|7|statement|connection 0|url jdbc:p6spy:h2:mem:testdb|insert into t_log (snow_flake_id, method_name, request_time, time, transaction_id, id) values (?, ?, ?, ?, ?, ?)|insert into t_log (snow_flake_id, method_name, request_time, time, transaction_id, id) values ('log.506104699435377792', 'getPersonById', '2021-10-28 13:59:11.614', '9864', 'JCW01', 'log.506104699435377792')
1635400779258|0|rollback|connection 0|url jdbc:p6spy:h2:mem:testdb||
1635400858777|0|statement|connection 11|url jdbc:p6spy:h2:mem:testdb|     drop table t_log if exists|     drop table t_log if exists
1635400858777|1|statement|connection 11|url jdbc:p6spy:h2:mem:testdb|     drop table t_person if exists|     drop table t_person if exists
1635400878309|2|statement|connection 0|url jdbc:p6spy:h2:mem:testdb|     drop table t_log if exists|     drop table t_log if exists
1635400878309|0|statement|connection 0|url jdbc:p6spy:h2:mem:testdb|     drop table t_person if exists|     drop table t_person if exists
1635400878325|11|statement|connection 0|url jdbc:p6spy:h2:mem:testdb|     create table t_log (        id varchar(255) not null,         method_name varchar(32),         request_time varchar(64),         time varchar(64),         transaction_id varchar(100),         primary key (id)     )|     create table t_log (        id varchar(255) not null,         method_name varchar(32),         request_time varchar(64),         time varchar(64),         transaction_id varchar(100),         primary key (id)     )
1635400878325|1|statement|connection 0|url jdbc:p6spy:h2:mem:testdb|     create table t_person (        id varchar(255) not null,         org_id varchar(64),         email_id varchar(64),         passwd varchar(64),         tel_contact_no varchar(32),         user_id varchar(64),         primary key (id)     )|     create table t_person (        id varchar(255) not null,         org_id varchar(64),         email_id varchar(64),         passwd varchar(64),         tel_contact_no varchar(32),         user_id varchar(64),         primary key (id)     )
1635400878325|0|statement|connection 0|url jdbc:p6spy:h2:mem:testdb|     alter table t_person         add constraint UK_iapljo3w2waqkx7humjr7hoja unique (user_id)|     alter table t_person         add constraint UK_iapljo3w2waqkx7humjr7hoja unique (user_id)
1635400880972|1|statement|connection 0|url jdbc:p6spy:h2:mem:testdb|insert into t_person (id, org_id, email_id, passwd, tel_contact_no, user_id) values (?, ?,?,?,?,?)|insert into t_person (id, org_id, email_id, passwd, tel_contact_no, user_id) values ('0', '上扬','work@163.com','123','13728897992','u007')
1635400880972|0|commit|connection 0|url jdbc:p6spy:h2:mem:testdb||
1635400998939|10|statement|connection 0|url jdbc:p6spy:h2:mem:testdb|select persondo0_.id as id1_1_0_, persondo0_.org_id as org_id2_1_0_, persondo0_.email_id as email_id3_1_0_, persondo0_.passwd as passwd4_1_0_, persondo0_.tel_contact_no as tel_cont5_1_0_, persondo0_.user_id as user_id6_1_0_ from t_person persondo0_ where persondo0_.id=?|select persondo0_.id as id1_1_0_, persondo0_.org_id as org_id2_1_0_, persondo0_.email_id as email_id3_1_0_, persondo0_.passwd as passwd4_1_0_, persondo0_.tel_contact_no as tel_cont5_1_0_, persondo0_.user_id as user_id6_1_0_ from t_person persondo0_ where persondo0_.id='0'
1635401006562|0|commit|connection 0|url jdbc:p6spy:h2:mem:testdb||
1635401013005|0|statement|connection 0|url jdbc:p6spy:h2:mem:testdb|select logdo0_.id as id1_0_0_, logdo0_.method_name as method_n2_0_0_, logdo0_.request_time as request_3_0_0_, logdo0_.time as time4_0_0_, logdo0_.transaction_id as transact5_0_0_ from t_log logdo0_ where logdo0_.id=?|select logdo0_.id as id1_0_0_, logdo0_.method_name as method_n2_0_0_, logdo0_.request_time as request_3_0_0_, logdo0_.time as time4_0_0_, logdo0_.transaction_id as transact5_0_0_ from t_log logdo0_ where logdo0_.id='log.506105744244892800'
1635401027301|0|statement|connection 0|url jdbc:p6spy:h2:mem:testdb|insert into t_log (method_name, request_time, time, transaction_id, id) values (?, ?, ?, ?, ?)|insert into t_log (method_name, request_time, time, transaction_id, id) values ('getPersonById', '2021-10-28 14:03:18.91', '7685', 'JCW01', 'log.506105744244892800')
1635401027309|0|commit|connection 0|url jdbc:p6spy:h2:mem:testdb||
1635401031247|0|commit|connection 0|url jdbc:p6spy:h2:mem:testdb||
1635401039226|0|statement|connection 0|url jdbc:p6spy:h2:mem:testdb|select persondo0_.id as id1_1_0_, persondo0_.org_id as org_id2_1_0_, persondo0_.email_id as email_id3_1_0_, persondo0_.passwd as passwd4_1_0_, persondo0_.tel_contact_no as tel_cont5_1_0_, persondo0_.user_id as user_id6_1_0_ from t_person persondo0_ where persondo0_.id=?|select persondo0_.id as id1_1_0_, persondo0_.org_id as org_id2_1_0_, persondo0_.email_id as email_id3_1_0_, persondo0_.passwd as passwd4_1_0_, persondo0_.tel_contact_no as tel_cont5_1_0_, persondo0_.user_id as user_id6_1_0_ from t_person persondo0_ where persondo0_.id='0'
1635401041575|0|commit|connection 0|url jdbc:p6spy:h2:mem:testdb||
1635401041583|0|statement|connection 0|url jdbc:p6spy:h2:mem:testdb|select logdo0_.id as id1_0_0_, logdo0_.method_name as method_n2_0_0_, logdo0_.request_time as request_3_0_0_, logdo0_.time as time4_0_0_, logdo0_.transaction_id as transact5_0_0_ from t_log logdo0_ where logdo0_.id=?|select logdo0_.id as id1_0_0_, logdo0_.method_name as method_n2_0_0_, logdo0_.request_time as request_3_0_0_, logdo0_.time as time4_0_0_, logdo0_.transaction_id as transact5_0_0_ from t_log logdo0_ where logdo0_.id='log.506105866571768960'
1635401041591|5|statement|connection 0|url jdbc:p6spy:h2:mem:testdb|insert into t_log (method_name, request_time, time, transaction_id, id) values (?, ?, ?, ?, ?)|insert into t_log (method_name, request_time, time, transaction_id, id) values ('getPersonById', '2021-10-28 14:03:59.226', '2349', 'JCW01', 'log.506105866571768960')
1635401041591|1|commit|connection 0|url jdbc:p6spy:h2:mem:testdb||
1635401041599|0|commit|connection 0|url jdbc:p6spy:h2:mem:testdb||
1635401044158|0|statement|connection 0|url jdbc:p6spy:h2:mem:testdb|select persondo0_.id as id1_1_0_, persondo0_.org_id as org_id2_1_0_, persondo0_.email_id as email_id3_1_0_, persondo0_.passwd as passwd4_1_0_, persondo0_.tel_contact_no as tel_cont5_1_0_, persondo0_.user_id as user_id6_1_0_ from t_person persondo0_ where persondo0_.id=?|select persondo0_.id as id1_1_0_, persondo0_.org_id as org_id2_1_0_, persondo0_.email_id as email_id3_1_0_, persondo0_.passwd as passwd4_1_0_, persondo0_.tel_contact_no as tel_cont5_1_0_, persondo0_.user_id as user_id6_1_0_ from t_person persondo0_ where persondo0_.id='0'
1635401044158|0|commit|connection 0|url jdbc:p6spy:h2:mem:testdb||
1635401044166|0|statement|connection 0|url jdbc:p6spy:h2:mem:testdb|select logdo0_.id as id1_0_0_, logdo0_.method_name as method_n2_0_0_, logdo0_.request_time as request_3_0_0_, logdo0_.time as time4_0_0_, logdo0_.transaction_id as transact5_0_0_ from t_log logdo0_ where logdo0_.id=?|select logdo0_.id as id1_0_0_, logdo0_.method_name as method_n2_0_0_, logdo0_.request_time as request_3_0_0_, logdo0_.time as time4_0_0_, logdo0_.transaction_id as transact5_0_0_ from t_log logdo0_ where logdo0_.id='log.506105877405656192'
1635401044166|0|statement|connection 0|url jdbc:p6spy:h2:mem:testdb|insert into t_log (method_name, request_time, time, transaction_id, id) values (?, ?, ?, ?, ?)|insert into t_log (method_name, request_time, time, transaction_id, id) values ('getPersonById', '2021-10-28 14:04:04.158', '0', 'JCW01', 'log.506105877405656192')
1635401044166|0|commit|connection 0|url jdbc:p6spy:h2:mem:testdb||
1635401044166|0|commit|connection 0|url jdbc:p6spy:h2:mem:testdb||
1635401057111|2|statement|connection 10|url jdbc:p6spy:h2:mem:testdb|SELECT * FROM T_LOG|SELECT * FROM T_LOG
1635401062653|0|statement|connection 10|url jdbc:p6spy:h2:mem:testdb|SELECT * FROM T_LOG|SELECT * FROM T_LOG
1635401063248|0|statement|connection 10|url jdbc:p6spy:h2:mem:testdb|SELECT * FROM T_LOG|SELECT * FROM T_LOG
1635401068321|0|statement|connection 0|url jdbc:p6spy:h2:mem:testdb|select persondo0_.id as id1_1_0_, persondo0_.org_id as org_id2_1_0_, persondo0_.email_id as email_id3_1_0_, persondo0_.passwd as passwd4_1_0_, persondo0_.tel_contact_no as tel_cont5_1_0_, persondo0_.user_id as user_id6_1_0_ from t_person persondo0_ where persondo0_.id=?|select persondo0_.id as id1_1_0_, persondo0_.org_id as org_id2_1_0_, persondo0_.email_id as email_id3_1_0_, persondo0_.passwd as passwd4_1_0_, persondo0_.tel_contact_no as tel_cont5_1_0_, persondo0_.user_id as user_id6_1_0_ from t_person persondo0_ where persondo0_.id='0'
1635401068329|0|commit|connection 0|url jdbc:p6spy:h2:mem:testdb||
1635401068329|0|statement|connection 0|url jdbc:p6spy:h2:mem:testdb|select logdo0_.id as id1_0_0_, logdo0_.method_name as method_n2_0_0_, logdo0_.request_time as request_3_0_0_, logdo0_.time as time4_0_0_, logdo0_.transaction_id as transact5_0_0_ from t_log logdo0_ where logdo0_.id=?|select logdo0_.id as id1_0_0_, logdo0_.method_name as method_n2_0_0_, logdo0_.request_time as request_3_0_0_, logdo0_.time as time4_0_0_, logdo0_.transaction_id as transact5_0_0_ from t_log logdo0_ where logdo0_.id='log.506105978752623744'
1635401068329|0|statement|connection 0|url jdbc:p6spy:h2:mem:testdb|insert into t_log (method_name, request_time, time, transaction_id, id) values (?, ?, ?, ?, ?)|insert into t_log (method_name, request_time, time, transaction_id, id) values ('getPersonById', '2021-10-28 14:04:28.321', '8', 'JCW01', 'log.506105978752623744')
1635401068329|0|commit|connection 0|url jdbc:p6spy:h2:mem:testdb||
1635401068329|0|commit|connection 0|url jdbc:p6spy:h2:mem:testdb||
1635401071202|0|statement|connection 10|url jdbc:p6spy:h2:mem:testdb|SELECT * FROM T_LOG|SELECT * FROM T_LOG
1635401073952|0|statement|connection 0|url jdbc:p6spy:h2:mem:testdb|select persondo0_.id as id1_1_0_, persondo0_.org_id as org_id2_1_0_, persondo0_.email_id as email_id3_1_0_, persondo0_.passwd as passwd4_1_0_, persondo0_.tel_contact_no as tel_cont5_1_0_, persondo0_.user_id as user_id6_1_0_ from t_person persondo0_ where persondo0_.id=?|select persondo0_.id as id1_1_0_, persondo0_.org_id as org_id2_1_0_, persondo0_.email_id as email_id3_1_0_, persondo0_.passwd as passwd4_1_0_, persondo0_.tel_contact_no as tel_cont5_1_0_, persondo0_.user_id as user_id6_1_0_ from t_person persondo0_ where persondo0_.id='0'
1635401073952|0|commit|connection 0|url jdbc:p6spy:h2:mem:testdb||
1635401073952|0|statement|connection 0|url jdbc:p6spy:h2:mem:testdb|select logdo0_.id as id1_0_0_, logdo0_.method_name as method_n2_0_0_, logdo0_.request_time as request_3_0_0_, logdo0_.time as time4_0_0_, logdo0_.transaction_id as transact5_0_0_ from t_log logdo0_ where logdo0_.id=?|select logdo0_.id as id1_0_0_, logdo0_.method_name as method_n2_0_0_, logdo0_.request_time as request_3_0_0_, logdo0_.time as time4_0_0_, logdo0_.transaction_id as transact5_0_0_ from t_log logdo0_ where logdo0_.id='log.506106002337195136'
1635401073952|0|statement|connection 0|url jdbc:p6spy:h2:mem:testdb|insert into t_log (method_name, request_time, time, transaction_id, id) values (?, ?, ?, ?, ?)|insert into t_log (method_name, request_time, time, transaction_id, id) values ('getPersonById', '2021-10-28 14:04:33.952', '0', 'JCW01', 'log.506106002337195136')
1635401073952|0|commit|connection 0|url jdbc:p6spy:h2:mem:testdb||
1635401073960|0|commit|connection 0|url jdbc:p6spy:h2:mem:testdb||
1635401075867|0|statement|connection 10|url jdbc:p6spy:h2:mem:testdb|SELECT * FROM T_LOG|SELECT * FROM T_LOG
1635401186626|0|statement|connection 11|url jdbc:p6spy:h2:mem:testdb|     drop table t_log if exists|     drop table t_log if exists
1635401186626|0|statement|connection 11|url jdbc:p6spy:h2:mem:testdb|     drop table t_person if exists|     drop table t_person if exists
1635407464577|3|statement|connection 0|url jdbc:p6spy:h2:mem:testdb|     drop table t_log if exists|     drop table t_log if exists
1635407464579|0|statement|connection 0|url jdbc:p6spy:h2:mem:testdb|     drop table t_person if exists|     drop table t_person if exists
1635407464599|14|statement|connection 0|url jdbc:p6spy:h2:mem:testdb|     create table t_log (        id varchar(255) not null,         method_name varchar(32),         request_time varchar(64),         time varchar(64),         transaction_id varchar(100),         primary key (id)     )|     create table t_log (        id varchar(255) not null,         method_name varchar(32),         request_time varchar(64),         time varchar(64),         transaction_id varchar(100),         primary key (id)     )
1635407464605|1|statement|connection 0|url jdbc:p6spy:h2:mem:testdb|     create table t_person (        id varchar(255) not null,         org_id varchar(64),         email_id varchar(64),         passwd varchar(64),         tel_contact_no varchar(32),         user_id varchar(64),         primary key (id)     )|     create table t_person (        id varchar(255) not null,         org_id varchar(64),         email_id varchar(64),         passwd varchar(64),         tel_contact_no varchar(32),         user_id varchar(64),         primary key (id)     )
1635407464607|0|statement|connection 0|url jdbc:p6spy:h2:mem:testdb|     alter table t_person         add constraint UK_iapljo3w2waqkx7humjr7hoja unique (user_id)|     alter table t_person         add constraint UK_iapljo3w2waqkx7humjr7hoja unique (user_id)
1635407467736|2|statement|connection 0|url jdbc:p6spy:h2:mem:testdb|insert into t_person (id, org_id, email_id, passwd, tel_contact_no, user_id) values (?, ?,?,?,?,?)|insert into t_person (id, org_id, email_id, passwd, tel_contact_no, user_id) values ('0', '上扬','work@163.com','123','13728897992','u007')
1635407467739|0|commit|connection 0|url jdbc:p6spy:h2:mem:testdb||
1635407565187|0|statement|connection 10|url jdbc:p6spy:h2:mem:testdb|     drop table t_log if exists|     drop table t_log if exists
1635407565188|0|statement|connection 10|url jdbc:p6spy:h2:mem:testdb|     drop table t_person if exists|     drop table t_person if exists
